<?xml version="1.0" encoding="UTF-8"?>
<!-- Generated by org.testng.reporters.JUnitReportReporter -->
<testsuite hostname="DESKTOP-FE9I4DB" failures="0" tests="2" name="Test_Classes.TC01_Wiki" time="33.361" errors="0" timestamp="2022-05-26T17:25:43 IST" skipped="0">
  <testcase classname="Test_Classes.TC01_Wiki" name="VerifyCountryNameFromWIKI" time="15.524"/>
  <system-out/>
  <testcase classname="Test_Classes.TC01_Wiki" name="VerifyReleaseDateFromWIKI" time="17.837"/>
  <system-out/>
</testsuite> <!-- Test_Classes.TC01_Wiki -->
