<?xml version="1.0" encoding="UTF-8"?>
<!-- Generated by org.testng.reporters.JUnitReportReporter -->
<testsuite hostname="DESKTOP-FE9I4DB" failures="0" tests="2" name="Test_Classes.TC02_IMDb" time="55.376" errors="0" timestamp="2022-05-28T11:20:12 IST" skipped="0">
  <testcase classname="Test_Classes.TC02_IMDb" name="verifyReleaseDateFromIMDb" time="24.683"/>
  <system-out/>
  <testcase classname="Test_Classes.TC02_IMDb" name="verifyCountryNameFromIMDb" time="30.693"/>
  <system-out/>
</testsuite> <!-- Test_Classes.TC02_IMDb -->
