<?xml version="1.0" encoding="UTF-8"?>
<!-- Generated by org.testng.reporters.JUnitReportReporter -->
<testsuite hostname="DESKTOP-FE9I4DB" failures="0" tests="2" name="Test_Classes.TC02_IMDB" time="30.893" errors="0" timestamp="2022-05-28T10:37:28 IST" skipped="0">
  <testcase classname="Test_Classes.TC02_IMDB" name="verifyReleaseDateFromIMBD" time="14.927"/>
  <system-out/>
  <testcase classname="Test_Classes.TC02_IMDB" name="verifyCountryNameFromIMBD" time="15.966"/>
  <system-out/>
</testsuite> <!-- Test_Classes.TC02_IMDB -->
